  dx_iface.cpp
  main.cpp
dx_iface.obj : error LNK2001: unresolved external symbol "public: bool __thiscall dwgR::read(class DRW_Interface *,bool)" (?read@dwgR@@QAE_NPAVDRW_Interface@@_N@Z)
dx_iface.obj : error LNK2001: unresolved external symbol "public: __thiscall dwgR::~dwgR(void)" (??1dwgR@@QAE@XZ)
dx_iface.obj : error LNK2001: unresolved external symbol "public: __thiscall dwgR::dwgR(char const *)" (??0dwgR@@QAE@PBD@Z)
dx_iface.obj : error LNK2001: unresolved external symbol "public: bool __thiscall dxfRW::writeDimension(class DRW_Dimension *)" (?writeDimension@dxfRW@@QAE_NPAVDRW_Dimension@@@Z)
dx_iface.obj : error LNK2001: unresolved external symbol "public: bool __thiscall dxfRW::writeLeader(class DRW_Leader *)" (?writeLeader@dxfRW@@QAE_NPAVDRW_Leader@@@Z)
dx_iface.obj : error LNK2001: unresolved external symbol "public: class DRW_ImageDef * __thiscall dxfRW::writeImage(class DRW_Image *,class std::basic_string<char,struct std::char_traits<char>,class std::allocator<char> >)" (?writeImage@dxfRW@@QAEPAVDRW_ImageDef@@PAVDRW_Image@@V?$basic_string@DU?$char_traits@D@std@@V?$allocator@D@2@@std@@@Z)
dx_iface.obj : error LNK2001: unresolved external symbol "public: bool __thiscall dxfRW::writeHatch(class DRW_Hatch *)" (?writeHatch@dxfRW@@QAE_NPAVDRW_Hatch@@@Z)
dx_iface.obj : error LNK2001: unresolved external symbol "public: bool __thiscall dxfRW::writeText(class DRW_Text *)" (?writeText@dxfRW@@QAE_NPAVDRW_Text@@@Z)
dx_iface.obj : error LNK2001: unresolved external symbol "public: bool __thiscall dxfRW::writeMText(class DRW_MText *)" (?writeMText@dxfRW@@QAE_NPAVDRW_MText@@@Z)
dx_iface.obj : error LNK2001: unresolved external symbol "public: bool __thiscall dxfRW::writeInsert(class DRW_Insert *)" (?writeInsert@dxfRW@@QAE_NPAVDRW_Insert@@@Z)
dx_iface.obj : error LNK2001: unresolved external symbol "public: bool __thiscall dxfRW::writeSpline(class DRW_Spline *)" (?writeSpline@dxfRW@@QAE_NPAVDRW_Spline@@@Z)
dx_iface.obj : error LNK2001: unresolved external symbol "public: bool __thiscall dxfRW::writePolyline(class DRW_Polyline *)" (?writePolyline@dxfRW@@QAE_NPAVDRW_Polyline@@@Z)
dx_iface.obj : error LNK2001: unresolved external symbol "public: bool __thiscall dxfRW::writeLWPolyline(class DRW_LWPolyline *)" (?writeLWPolyline@dxfRW@@QAE_NPAVDRW_LWPolyline@@@Z)
dx_iface.obj : error LNK2001: unresolved external symbol "public: bool __thiscall dxfRW::writeSolid(class DRW_Solid *)" (?writeSolid@dxfRW@@QAE_NPAVDRW_Solid@@@Z)
dx_iface.obj : error LNK2001: unresolved external symbol "public: bool __thiscall dxfRW::writeEllipse(class DRW_Ellipse *)" (?writeEllipse@dxfRW@@QAE_NPAVDRW_Ellipse@@@Z)
dx_iface.obj : error LNK2001: unresolved external symbol "public: bool __thiscall dxfRW::writeArc(class DRW_Arc *)" (?writeArc@dxfRW@@QAE_NPAVDRW_Arc@@@Z)
dx_iface.obj : error LNK2001: unresolved external symbol "public: bool __thiscall dxfRW::writeCircle(class DRW_Circle *)" (?writeCircle@dxfRW@@QAE_NPAVDRW_Circle@@@Z)
dx_iface.obj : error LNK2001: unresolved external symbol "public: bool __thiscall dxfRW::writeLine(class DRW_Line *)" (?writeLine@dxfRW@@QAE_NPAVDRW_Line@@@Z)
dx_iface.obj : error LNK2001: unresolved external symbol "public: bool __thiscall dxfRW::writePoint(class DRW_Point *)" (?writePoint@dxfRW@@QAE_NPAVDRW_Point@@@Z)
dx_iface.obj : error LNK2001: unresolved external symbol "public: bool __thiscall dxfRW::read(class DRW_Interface *,bool)" (?read@dxfRW@@QAE_NPAVDRW_Interface@@_N@Z)
dx_iface.obj : error LNK2001: unresolved external symbol "public: __thiscall dxfRW::~dxfRW(void)" (??1dxfRW@@QAE@XZ)
dx_iface.obj : error LNK2001: unresolved external symbol "public: __thiscall dxfRW::dxfRW(char const *)" (??0dxfRW@@QAE@PBD@Z)
main.obj : error LNK2001: unresolved external symbol "protected: virtual bool __thiscall DRW_Arc::parseDwg(enum DRW::Version,class dwgBuffer *,unsigned int)" (?parseDwg@DRW_Arc@@MAE_NW4Version@DRW@@PAVdwgBuffer@@I@Z)
main.obj : error LNK2001: unresolved external symbol "public: virtual void __thiscall DRW_Arc::applyExtrusion(void)" (?applyExtrusion@DRW_Arc@@UAEXXZ)
main.obj : error LNK2001: unresolved external symbol "protected: virtual bool __thiscall DRW_LWPolyline::parseDwg(enum DRW::Version,class dwgBuffer *,unsigned int)" (?parseDwg@DRW_LWPolyline@@MAE_NW4Version@DRW@@PAVdwgBuffer@@I@Z)
main.obj : error LNK2001: unresolved external symbol "public: virtual void __thiscall DRW_LWPolyline::applyExtrusion(void)" (?applyExtrusion@DRW_LWPolyline@@UAEXXZ)
main.obj : error LNK2001: unresolved external symbol "protected: virtual bool __thiscall DRW_Block::parseDwg(enum DRW::Version,class dwgBuffer *,unsigned int)" (?parseDwg@DRW_Block@@MAE_NW4Version@DRW@@PAVdwgBuffer@@I@Z)
main.obj : error LNK2001: unresolved external symbol "protected: virtual bool __thiscall DRW_3Dface::parseDwg(enum DRW::Version,class dwgBuffer *,unsigned int)" (?parseDwg@DRW_3Dface@@MAE_NW4Version@DRW@@PAVdwgBuffer@@I@Z)
main.obj : error LNK2001: unresolved external symbol "protected: virtual bool __thiscall DRW_Image::parseDwg(enum DRW::Version,class dwgBuffer *,unsigned int)" (?parseDwg@DRW_Image@@MAE_NW4Version@DRW@@PAVdwgBuffer@@I@Z)
main.obj : error LNK2001: unresolved external symbol "protected: virtual bool __thiscall DRW_AppId::parseDwg(enum DRW::Version,class dwgBuffer *,unsigned int)" (?parseDwg@DRW_AppId@@MAE_NW4Version@DRW@@PAVdwgBuffer@@I@Z)
main.obj : error LNK2001: unresolved external symbol "protected: virtual bool __thiscall DRW_Polyline::parseDwg(enum DRW::Version,class dwgBuffer *,unsigned int)" (?parseDwg@DRW_Polyline@@MAE_NW4Version@DRW@@PAVdwgBuffer@@I@Z)
main.obj : error LNK2001: unresolved external symbol "protected: virtual bool __thiscall DRW_LType::parseDwg(enum DRW::Version,class dwgBuffer *,unsigned int)" (?parseDwg@DRW_LType@@MAE_NW4Version@DRW@@PAVdwgBuffer@@I@Z)
main.obj : error LNK2001: unresolved external symbol "protected: virtual bool __thiscall DRW_DimAngular3p::parseDwg(enum DRW::Version,class dwgBuffer *,unsigned int)" (?parseDwg@DRW_DimAngular3p@@MAE_NW4Version@DRW@@PAVdwgBuffer@@I@Z)
main.obj : error LNK2001: unresolved external symbol "protected: virtual bool __thiscall DRW_Vport::parseDwg(enum DRW::Version,class dwgBuffer *,unsigned int)" (?parseDwg@DRW_Vport@@MAE_NW4Version@DRW@@PAVdwgBuffer@@I@Z)
main.obj : error LNK2001: unresolved external symbol "protected: virtual bool __thiscall DRW_Layer::parseDwg(enum DRW::Version,class dwgBuffer *,unsigned int)" (?parseDwg@DRW_Layer@@MAE_NW4Version@DRW@@PAVdwgBuffer@@I@Z)
main.obj : error LNK2001: unresolved external symbol "protected: virtual bool __thiscall DRW_Insert::parseDwg(enum DRW::Version,class dwgBuffer *,unsigned int)" (?parseDwg@DRW_Insert@@MAE_NW4Version@DRW@@PAVdwgBuffer@@I@Z)
main.obj : error LNK2001: unresolved external symbol "protected: virtual bool __thiscall DRW_Viewport::parseDwg(enum DRW::Version,class dwgBuffer *,unsigned int)" (?parseDwg@DRW_Viewport@@MAE_NW4Version@DRW@@PAVdwgBuffer@@I@Z)
main.obj : error LNK2001: unresolved external symbol "protected: virtual bool __thiscall DRW_Leader::parseDwg(enum DRW::Version,class dwgBuffer *,unsigned int)" (?parseDwg@DRW_Leader@@MAE_NW4Version@DRW@@PAVdwgBuffer@@I@Z)
main.obj : error LNK2001: unresolved external symbol "protected: virtual bool __thiscall DRW_DimDiametric::parseDwg(enum DRW::Version,class dwgBuffer *,unsigned int)" (?parseDwg@DRW_DimDiametric@@MAE_NW4Version@DRW@@PAVdwgBuffer@@I@Z)
main.obj : error LNK2001: unresolved external symbol "protected: virtual bool __thiscall DRW_Textstyle::parseDwg(enum DRW::Version,class dwgBuffer *,unsigned int)" (?parseDwg@DRW_Textstyle@@MAE_NW4Version@DRW@@PAVdwgBuffer@@I@Z)
main.obj : error LNK2001: unresolved external symbol "protected: virtual bool __thiscall DRW_Dimstyle::parseDwg(enum DRW::Version,class dwgBuffer *,unsigned int)" (?parseDwg@DRW_Dimstyle@@MAE_NW4Version@DRW@@PAVdwgBuffer@@I@Z)
main.obj : error LNK2001: unresolved external symbol "public: bool __thiscall dxfRW::writeBlock(class DRW_Block *)" (?writeBlock@dxfRW@@QAE_NPAVDRW_Block@@@Z)
main.obj : error LNK2001: unresolved external symbol "public: bool __thiscall dxfRW::writeBlockRecord(class std::basic_string<char,struct std::char_traits<char>,class std::allocator<char> >)" (?writeBlockRecord@dxfRW@@QAE_NV?$basic_string@DU?$char_traits@D@std@@V?$allocator@D@2@@std@@@Z)
main.obj : error LNK2001: unresolved external symbol "public: bool __thiscall dxfRW::writeAppId(class DRW_AppId *)" (?writeAppId@dxfRW@@QAE_NPAVDRW_AppId@@@Z)
main.obj : error LNK2001: unresolved external symbol "public: bool __thiscall dxfRW::writeVport(class DRW_Vport *)" (?writeVport@dxfRW@@QAE_NPAVDRW_Vport@@@Z)
main.obj : error LNK2001: unresolved external symbol "public: bool __thiscall dxfRW::writeTextstyle(class DRW_Textstyle *)" (?writeTextstyle@dxfRW@@QAE_NPAVDRW_Textstyle@@@Z)
main.obj : error LNK2001: unresolved external symbol "public: bool __thiscall dxfRW::writeDimstyle(class DRW_Dimstyle *)" (?writeDimstyle@dxfRW@@QAE_NPAVDRW_Dimstyle@@@Z)
main.obj : error LNK2001: unresolved external symbol "public: bool __thiscall dxfRW::writeLayer(class DRW_Layer *)" (?writeLayer@dxfRW@@QAE_NPAVDRW_Layer@@@Z)
main.obj : error LNK2001: unresolved external symbol "public: bool __thiscall dxfRW::writeLineType(class DRW_LType *)" (?writeLineType@dxfRW@@QAE_NPAVDRW_LType@@@Z)
main.obj : error LNK2001: unresolved external symbol "public: __thiscall DRW_Header::DRW_Header(void)" (??0DRW_Header@@QAE@XZ)
main.obj : error LNK2001: unresolved external symbol "protected: virtual bool __thiscall DRW_DimRadial::parseDwg(enum DRW::Version,class dwgBuffer *,unsigned int)" (?parseDwg@DRW_DimRadial@@MAE_NW4Version@DRW@@PAVdwgBuffer@@I@Z)
main.obj : error LNK2001: unresolved external symbol "protected: virtual bool __thiscall DRW_DimOrdinate::parseDwg(enum DRW::Version,class dwgBuffer *,unsigned int)" (?parseDwg@DRW_DimOrdinate@@MAE_NW4Version@DRW@@PAVdwgBuffer@@I@Z)
main.obj : error LNK2001: unresolved external symbol "protected: virtual bool __thiscall DRW_Point::parseDwg(enum DRW::Version,class dwgBuffer *,unsigned int)" (?parseDwg@DRW_Point@@MAE_NW4Version@DRW@@PAVdwgBuffer@@I@Z)
main.obj : error LNK2001: unresolved external symbol "protected: virtual bool __thiscall DRW_Circle::parseDwg(enum DRW::Version,class dwgBuffer *,unsigned int)" (?parseDwg@DRW_Circle@@MAE_NW4Version@DRW@@PAVdwgBuffer@@I@Z)
main.obj : error LNK2001: unresolved external symbol "public: virtual void __thiscall DRW_Circle::applyExtrusion(void)" (?applyExtrusion@DRW_Circle@@UAEXXZ)
main.obj : error LNK2001: unresolved external symbol "protected: virtual bool __thiscall DRW_Ray::parseDwg(enum DRW::Version,class dwgBuffer *,unsigned int)" (?parseDwg@DRW_Ray@@MAE_NW4Version@DRW@@PAVdwgBuffer@@I@Z)
main.obj : error LNK2001: unresolved external symbol "protected: virtual bool __thiscall DRW_Spline::parseDwg(enum DRW::Version,class dwgBuffer *,unsigned int)" (?parseDwg@DRW_Spline@@MAE_NW4Version@DRW@@PAVdwgBuffer@@I@Z)
main.obj : error LNK2001: unresolved external symbol "protected: virtual bool __thiscall DRW_Ellipse::parseDwg(enum DRW::Version,class dwgBuffer *,unsigned int)" (?parseDwg@DRW_Ellipse@@MAE_NW4Version@DRW@@PAVdwgBuffer@@I@Z)
main.obj : error LNK2001: unresolved external symbol "public: virtual void __thiscall DRW_Ellipse::applyExtrusion(void)" (?applyExtrusion@DRW_Ellipse@@UAEXXZ)
main.obj : error LNK2001: unresolved external symbol "protected: virtual bool __thiscall DRW_MText::parseDwg(enum DRW::Version,class dwgBuffer *,unsigned int)" (?parseDwg@DRW_MText@@MAE_NW4Version@DRW@@PAVdwgBuffer@@I@Z)
main.obj : error LNK2001: unresolved external symbol "protected: virtual bool __thiscall DRW_Hatch::parseDwg(enum DRW::Version,class dwgBuffer *,unsigned int)" (?parseDwg@DRW_Hatch@@MAE_NW4Version@DRW@@PAVdwgBuffer@@I@Z)
main.obj : error LNK2001: unresolved external symbol "protected: virtual bool __thiscall DRW_Text::parseDwg(enum DRW::Version,class dwgBuffer *,unsigned int)" (?parseDwg@DRW_Text@@MAE_NW4Version@DRW@@PAVdwgBuffer@@I@Z)
main.obj : error LNK2001: unresolved external symbol "protected: virtual bool __thiscall DRW_Solid::parseDwg(enum DRW::Version,class dwgBuffer *,unsigned int)" (?parseDwg@DRW_Solid@@MAE_NW4Version@DRW@@PAVdwgBuffer@@I@Z)
main.obj : error LNK2001: unresolved external symbol "protected: virtual bool __thiscall DRW_DimAligned::parseDwg(enum DRW::Version,class dwgBuffer *,unsigned int)" (?parseDwg@DRW_DimAligned@@MAE_NW4Version@DRW@@PAVdwgBuffer@@I@Z)
main.obj : error LNK2001: unresolved external symbol "protected: virtual bool __thiscall DRW_DimAngular::parseDwg(enum DRW::Version,class dwgBuffer *,unsigned int)" (?parseDwg@DRW_DimAngular@@MAE_NW4Version@DRW@@PAVdwgBuffer@@I@Z)
main.obj : error LNK2001: unresolved external symbol "protected: virtual bool __thiscall DRW_Line::parseDwg(enum DRW::Version,class dwgBuffer *,unsigned int)" (?parseDwg@DRW_Line@@MAE_NW4Version@DRW@@PAVdwgBuffer@@I@Z)
main.obj : error LNK2001: unresolved external symbol "protected: virtual bool __thiscall DRW_Trace::parseDwg(enum DRW::Version,class dwgBuffer *,unsigned int)" (?parseDwg@DRW_Trace@@MAE_NW4Version@DRW@@PAVdwgBuffer@@I@Z)
main.obj : error LNK2001: unresolved external symbol "public: virtual void __thiscall DRW_Trace::applyExtrusion(void)" (?applyExtrusion@DRW_Trace@@UAEXXZ)
D:\HobbyProjs'\DrawViewer-develop\customLibDxfrw\dxf2json\Release\dxf2json.exe : fatal error LNK1120: 68 unresolved externals
